<?xml version="1.0" encoding="UTF-8"?>
<testsuite xmlns:xsi="http://www.w3.org/2001/XMLSchema-instance" xsi:noNamespaceSchemaLocation="https://maven.apache.org/surefire/maven-surefire-plugin/xsd/surefire-test-report.xsd" name="TestSuite" time="158.324" tests="7" errors="0" skipped="0" failures="0">
  <properties>
[...]
</properties>
  <testcase name="setdriver" classname="runner.AtlanticBooksApp" time="43.506"/>
  <testcase name="openwebsite" classname="runner.AtlanticBooksApp" time="12.85"/>
  <testcase name="performtest" classname="runner.AtlanticBooksApp" time="65.094"/>
  <testcase name="clickonmyaccount" classname="runner.AtlanticBooksApp" time="5.193"/>
  <testcase name="login" classname="runner.AtlanticBooksApp" time="14.279"/>
  <testcase name="login" classname="runner.AtlanticBooksApp" time="5.09"/>
  <testcase name="signup" classname="runner.AtlanticBooksApp" time="6.579"/>
</testsuite>