<?xml version="1.0" encoding="UTF-8"?>
<!-- Generated by org.testng.reporters.JUnitXMLReporter -->
<testsuite hostname="DESKTOP-A93J1VV" ignored="0" name="Test" tests="7" failures="0" timestamp="2021-10-22T13:39:58 IST" time="155.083" errors="0">
  <testcase name="setdriver" time="43.498" classname="runner.AtlanticBooksApp"/>
  <testcase name="openwebsite" time="12.867" classname="runner.AtlanticBooksApp"/>
  <testcase name="performtest" time="65.093" classname="runner.AtlanticBooksApp"/>
  <testcase name="clickonmyaccount" time="5.188" classname="runner.AtlanticBooksApp"/>
  <testcase name="login" time="14.278" classname="runner.AtlanticBooksApp"/>
  <testcase name="login" time="5.089" classname="runner.AtlanticBooksApp"/>
  <testcase name="signup" time="6.579" classname="runner.AtlanticBooksApp"/>
</testsuite> <!-- Test -->
